  [1m[35m (556.0ms)[0m  [1m[35mCREATE DATABASE "challenge-new_development" ENCODING = 'unicode'[0m
  ↳ /Users/spare/.rbenv/versions/2.5.1/bin/rake:23
  [1m[35m (411.1ms)[0m  [1m[35mCREATE DATABASE "challenge-new_test" ENCODING = 'unicode'[0m
  ↳ /Users/spare/.rbenv/versions/2.5.1/bin/rake:23
  [1m[35m (12.8ms)[0m  [1m[35mCREATE TABLE "schema_migrations" ("version" character varying NOT NULL PRIMARY KEY)[0m
  ↳ /Users/spare/.rbenv/versions/2.5.1/bin/rake:23
  [1m[35m (20.7ms)[0m  [1m[35mCREATE TABLE "ar_internal_metadata" ("key" character varying NOT NULL PRIMARY KEY, "value" character varying, "created_at" timestamp NOT NULL, "updated_at" timestamp NOT NULL)[0m
  ↳ /Users/spare/.rbenv/versions/2.5.1/bin/rake:23
  [1m[35m (1.8ms)[0m  [1m[34mSELECT pg_try_advisory_lock(2886071707812372975)[0m
  ↳ /Users/spare/.rbenv/versions/2.5.1/bin/rake:23
  [1m[35m (1.0ms)[0m  [1m[34mSELECT "schema_migrations"."version" FROM "schema_migrations" ORDER BY "schema_migrations"."version" ASC[0m
  ↳ /Users/spare/.rbenv/versions/2.5.1/bin/rake:23
Migrating to CreateUsers (20180830073149)
  [1m[35m (0.3ms)[0m  [1m[35mBEGIN[0m
  ↳ /Users/spare/.rbenv/versions/2.5.1/bin/rake:23
  [1m[35m (21.6ms)[0m  [1m[35mCREATE TABLE "users" ("id" bigserial primary key, "first_name" character varying, "last_name" character varying, "username" character varying, "email" character varying, "password" character varying, "country" character varying, "newsletter" boolean, "role" integer DEFAULT 0, "avatar" character varying, "created_at" timestamp NOT NULL, "updated_at" timestamp NOT NULL)[0m
  ↳ db/migrate/20180830073149_create_users.rb:3
  [1m[36mActiveRecord::SchemaMigration Create (0.6ms)[0m  [1m[32mINSERT INTO "schema_migrations" ("version") VALUES ($1) RETURNING "version"[0m  [["version", "20180830073149"]]
  ↳ /Users/spare/.rbenv/versions/2.5.1/bin/rake:23
  [1m[35m (1.4ms)[0m  [1m[35mCOMMIT[0m
  ↳ /Users/spare/.rbenv/versions/2.5.1/bin/rake:23
  [1m[36mActiveRecord::InternalMetadata Load (0.9ms)[0m  [1m[34mSELECT  "ar_internal_metadata".* FROM "ar_internal_metadata" WHERE "ar_internal_metadata"."key" = $1 LIMIT $2[0m  [["key", "environment"], ["LIMIT", 1]]
  ↳ /Users/spare/.rbenv/versions/2.5.1/bin/rake:23
  [1m[35m (0.2ms)[0m  [1m[35mBEGIN[0m
  ↳ /Users/spare/.rbenv/versions/2.5.1/bin/rake:23
  [1m[36mActiveRecord::InternalMetadata Create (6.8ms)[0m  [1m[32mINSERT INTO "ar_internal_metadata" ("key", "value", "created_at", "updated_at") VALUES ($1, $2, $3, $4) RETURNING "key"[0m  [["key", "environment"], ["value", "development"], ["created_at", "2018-08-30 07:34:43.176932"], ["updated_at", "2018-08-30 07:34:43.176932"]]
  ↳ /Users/spare/.rbenv/versions/2.5.1/bin/rake:23
  [1m[35m (6.1ms)[0m  [1m[35mCOMMIT[0m
  ↳ /Users/spare/.rbenv/versions/2.5.1/bin/rake:23
  [1m[35m (0.5ms)[0m  [1m[34mSELECT pg_advisory_unlock(2886071707812372975)[0m
  ↳ /Users/spare/.rbenv/versions/2.5.1/bin/rake:23
  [1m[35m (0.5ms)[0m  [1m[34mSELECT "schema_migrations"."version" FROM "schema_migrations" ORDER BY "schema_migrations"."version" ASC[0m
  ↳ /Users/spare/.rbenv/versions/2.5.1/bin/rake:23
